Fetching origin
M       tests/applications/coreutils/GNUmakefile
M       tests/applications/coreutils/Makefile
M       tests/applications/coreutils/Makefile.in
M       tests/applications/coreutils/aclocal.m4
M       tests/applications/coreutils/autom4te.cache/output.0
M       tests/applications/coreutils/autom4te.cache/output.1
M       tests/applications/coreutils/autom4te.cache/output.2
M       tests/applications/coreutils/autom4te.cache/requests
M       tests/applications/coreutils/autom4te.cache/traces.0
M       tests/applications/coreutils/autom4te.cache/traces.1
M       tests/applications/coreutils/autom4te.cache/traces.2
M       tests/applications/coreutils/build-aux/missing
M       tests/applications/coreutils/build-aux/test-driver
M       tests/applications/coreutils/build-aux/ylwrap
M       tests/applications/coreutils/configure
M       tests/applications/coreutils/gnulib-tests/.deps/bench-md5.Po
M       tests/applications/coreutils/gnulib-tests/.deps/bench-sha1.Po
M       tests/applications/coreutils/gnulib-tests/.deps/bench-sha224.Po
M       tests/applications/coreutils/gnulib-tests/.deps/bench-sha256.Po
M       tests/applications/coreutils/gnulib-tests/.deps/bench-sha384.Po
M       tests/applications/coreutils/gnulib-tests/.deps/bench-sha512.Po
M       tests/applications/coreutils/gnulib-tests/.deps/ioctl.Po
M       tests/applications/coreutils/gnulib-tests/.deps/localename.Po
M       tests/applications/coreutils/gnulib-tests/.deps/perror.Po
M       tests/applications/coreutils/gnulib-tests/.deps/sleep.Po
M       tests/applications/coreutils/gnulib-tests/.deps/strerror_r.Po
M       tests/applications/coreutils/gnulib-tests/.deps/test-localcharset.Po
M       tests/applications/coreutils/gnulib-tests/.deps/timespec-add.Po
M       tests/applications/coreutils/gnulib-tests/.deps/timespec-sub.Po
M       tests/applications/coreutils/gnulib-tests/.deps/unlinkdir.Po
M       tests/applications/coreutils/gnulib-tests/.deps/usleep.Po
M       tests/applications/coreutils/gnulib-tests/Makefile
M       tests/applications/coreutils/gnulib-tests/Makefile.in
M       tests/applications/coreutils/gnulib-tests/bench-md5
M       tests/applications/coreutils/gnulib-tests/bench-sha1
M       tests/applications/coreutils/gnulib-tests/bench-sha224
M       tests/applications/coreutils/gnulib-tests/bench-sha256
M       tests/applications/coreutils/gnulib-tests/bench-sha384
M       tests/applications/coreutils/gnulib-tests/bench-sha512
M       tests/applications/coreutils/gnulib-tests/glthread/.deps/thread.Po
M       tests/applications/coreutils/gnulib-tests/test-localcharset
M       tests/applications/coreutils/lib/.deps/acl-errno-valid.Po
M       tests/applications/coreutils/lib/.deps/acl-internal.Po
M       tests/applications/coreutils/lib/.deps/allocator.Po
M       tests/applications/coreutils/lib/.deps/areadlink-with-size.Po
M       tests/applications/coreutils/lib/.deps/areadlink.Po
M       tests/applications/coreutils/lib/.deps/areadlinkat.Po
M       tests/applications/coreutils/lib/.deps/argmatch.Po
M       tests/applications/coreutils/lib/.deps/argv-iter.Po
M       tests/applications/coreutils/lib/.deps/asnprintf.Po
M       tests/applications/coreutils/lib/.deps/asprintf.Po
M       tests/applications/coreutils/lib/.deps/at-func2.Po
M       tests/applications/coreutils/lib/.deps/backup-find.Po
M       tests/applications/coreutils/lib/.deps/backup-rename.Po
M       tests/applications/coreutils/lib/.deps/backupfile.Po
M       tests/applications/coreutils/lib/.deps/base32.Po
M       tests/applications/coreutils/lib/.deps/base64.Po
M       tests/applications/coreutils/lib/.deps/basename-lgpl.Po
M       tests/applications/coreutils/lib/.deps/basename.Po
M       tests/applications/coreutils/lib/.deps/binary-io.Po
M       tests/applications/coreutils/lib/.deps/bitrotate.Po
M       tests/applications/coreutils/lib/.deps/buffer-lcm.Po
M       tests/applications/coreutils/lib/.deps/c-ctype.Po
M       tests/applications/coreutils/lib/.deps/c-strcasecmp.Po
M       tests/applications/coreutils/lib/.deps/c-strncasecmp.Po
M       tests/applications/coreutils/lib/.deps/c-strtod.Po
M       tests/applications/coreutils/lib/.deps/c-strtold.Po
M       tests/applications/coreutils/lib/.deps/calloc.Po
M       tests/applications/coreutils/lib/.deps/canon-host.Po
M       tests/applications/coreutils/lib/.deps/canonicalize.Po
M       tests/applications/coreutils/lib/.deps/careadlinkat.Po
M       tests/applications/coreutils/lib/.deps/chdir-long.Po
M       tests/applications/coreutils/lib/.deps/chmodat.Po
M       tests/applications/coreutils/lib/.deps/chown.Po
M       tests/applications/coreutils/lib/.deps/chownat.Po
M       tests/applications/coreutils/lib/.deps/cloexec.Po
M       tests/applications/coreutils/lib/.deps/close-stream.Po
M       tests/applications/coreutils/lib/.deps/closein.Po
M       tests/applications/coreutils/lib/.deps/closeout.Po
M       tests/applications/coreutils/lib/.deps/copy-acl.Po
M       tests/applications/coreutils/lib/.deps/creat-safer.Po
M       tests/applications/coreutils/lib/.deps/cycle-check.Po
M       tests/applications/coreutils/lib/.deps/di-set.Po
M       tests/applications/coreutils/lib/.deps/dirchownmod.Po
M       tests/applications/coreutils/lib/.deps/dirname-lgpl.Po
M       tests/applications/coreutils/lib/.deps/dirname.Po
M       tests/applications/coreutils/lib/.deps/dtoastr.Po
M       tests/applications/coreutils/lib/.deps/dtotimespec.Po
M       tests/applications/coreutils/lib/.deps/dup-safer-flag.Po
M       tests/applications/coreutils/lib/.deps/dup-safer.Po
M       tests/applications/coreutils/lib/.deps/exclude.Po
M       tests/applications/coreutils/lib/.deps/exitfail.Po
M       tests/applications/coreutils/lib/.deps/explicit_bzero.Po
M       tests/applications/coreutils/lib/.deps/faccessat.Po
M       tests/applications/coreutils/lib/.deps/fadvise.Po
M       tests/applications/coreutils/lib/.deps/fchownat.Po
M       tests/applications/coreutils/lib/.deps/fclose.Po
M       tests/applications/coreutils/lib/.deps/fd-hook.Po
M       tests/applications/coreutils/lib/.deps/fd-reopen.Po
M       tests/applications/coreutils/lib/.deps/fd-safer-flag.Po
M       tests/applications/coreutils/lib/.deps/fd-safer.Po
M       tests/applications/coreutils/lib/.deps/fdopendir.Po
M       tests/applications/coreutils/lib/.deps/fdutimensat.Po
M       tests/applications/coreutils/lib/.deps/fflush.Po
M       tests/applications/coreutils/lib/.deps/file-has-acl.Po
M       tests/applications/coreutils/lib/.deps/file-set.Po
M       tests/applications/coreutils/lib/.deps/file-type.Po
M       tests/applications/coreutils/lib/.deps/filemode.Po
M       tests/applications/coreutils/lib/.deps/filenamecat-lgpl.Po
M       tests/applications/coreutils/lib/.deps/filenamecat.Po
M       tests/applications/coreutils/lib/.deps/filevercmp.Po
M       tests/applications/coreutils/lib/.deps/fnmatch.Po
M       tests/applications/coreutils/lib/.deps/fopen-safer.Po
M       tests/applications/coreutils/lib/.deps/fprintftime.Po
M       tests/applications/coreutils/lib/.deps/fpurge.Po
M       tests/applications/coreutils/lib/.deps/freadahead.Po
M       tests/applications/coreutils/lib/.deps/freading.Po
M       tests/applications/coreutils/lib/.deps/freadptr.Po
M       tests/applications/coreutils/lib/.deps/freadseek.Po
M       tests/applications/coreutils/lib/.deps/freopen-safer.Po
M       tests/applications/coreutils/lib/.deps/fseek.Po
M       tests/applications/coreutils/lib/.deps/fseeko.Po
M       tests/applications/coreutils/lib/.deps/fseterr.Po
M       tests/applications/coreutils/lib/.deps/fstatat.Po
M       tests/applications/coreutils/lib/.deps/fsusage.Po
M       tests/applications/coreutils/lib/.deps/ftoastr.Po
M       tests/applications/coreutils/lib/.deps/fts.Po
M       tests/applications/coreutils/lib/.deps/full-read.Po
M       tests/applications/coreutils/lib/.deps/full-write.Po
M       tests/applications/coreutils/lib/.deps/get-permissions.Po
M       tests/applications/coreutils/lib/.deps/getcwd-lgpl.Po
M       tests/applications/coreutils/lib/.deps/getcwd.Po
M       tests/applications/coreutils/lib/.deps/getgroups.Po
M       tests/applications/coreutils/lib/.deps/gethrxtime.Po
M       tests/applications/coreutils/lib/.deps/getndelim2.Po
M       tests/applications/coreutils/lib/.deps/getopt.Po
M       tests/applications/coreutils/lib/.deps/getopt1.Po
M       tests/applications/coreutils/lib/.deps/getpass.Po
M       tests/applications/coreutils/lib/.deps/getprogname.Po
M       tests/applications/coreutils/lib/.deps/gettime.Po
M       tests/applications/coreutils/lib/.deps/gettimeofday.Po
M       tests/applications/coreutils/lib/.deps/getugroups.Po
M       tests/applications/coreutils/lib/.deps/hard-locale.Po
M       tests/applications/coreutils/lib/.deps/hash-pjw.Po
M       tests/applications/coreutils/lib/.deps/hash-triple.Po
M       tests/applications/coreutils/lib/.deps/hash.Po
M       tests/applications/coreutils/lib/.deps/heap.Po
M       tests/applications/coreutils/lib/.deps/human.Po
M       tests/applications/coreutils/lib/.deps/i-ring.Po
M       tests/applications/coreutils/lib/.deps/idcache.Po
M       tests/applications/coreutils/lib/.deps/imaxtostr.Po
M       tests/applications/coreutils/lib/.deps/ino-map.Po
M       tests/applications/coreutils/lib/.deps/inttostr.Po
M       tests/applications/coreutils/lib/.deps/isapipe.Po
M       tests/applications/coreutils/lib/.deps/lchown.Po
M       tests/applications/coreutils/lib/.deps/ldtoastr.Po
M       tests/applications/coreutils/lib/.deps/linebuffer.Po
M       tests/applications/coreutils/lib/.deps/link.Po
M       tests/applications/coreutils/lib/.deps/linkat.Po
M       tests/applications/coreutils/lib/.deps/localcharset.Po
M       tests/applications/coreutils/lib/.deps/localtime-buffer.Po
M       tests/applications/coreutils/lib/.deps/long-options.Po
M       tests/applications/coreutils/lib/.deps/lstat.Po
M       tests/applications/coreutils/lib/.deps/malloc.Po
M       tests/applications/coreutils/lib/.deps/malloca.Po
M       tests/applications/coreutils/lib/.deps/math.Po
M       tests/applications/coreutils/lib/.deps/mbchar.Po
M       tests/applications/coreutils/lib/.deps/mbiter.Po
M       tests/applications/coreutils/lib/.deps/mbrlen.Po
M       tests/applications/coreutils/lib/.deps/mbrtowc.Po
M       tests/applications/coreutils/lib/.deps/mbsalign.Po
M       tests/applications/coreutils/lib/.deps/mbscasecmp.Po
M       tests/applications/coreutils/lib/.deps/mbschr.Po
M       tests/applications/coreutils/lib/.deps/mbslen.Po
M       tests/applications/coreutils/lib/.deps/mbsstr.Po
M       tests/applications/coreutils/lib/.deps/mbswidth.Po
M       tests/applications/coreutils/lib/.deps/mbuiter.Po
M       tests/applications/coreutils/lib/.deps/md5.Po
M       tests/applications/coreutils/lib/.deps/memcasecmp.Po
M       tests/applications/coreutils/lib/.deps/memchr.Po
M       tests/applications/coreutils/lib/.deps/memchr2.Po
M       tests/applications/coreutils/lib/.deps/memcmp2.Po
M       tests/applications/coreutils/lib/.deps/memcoll.Po
M       tests/applications/coreutils/lib/.deps/mgetgroups.Po
M       tests/applications/coreutils/lib/.deps/mkancesdirs.Po
M       tests/applications/coreutils/lib/.deps/mkdir-p.Po
M       tests/applications/coreutils/lib/.deps/mkdir.Po
M       tests/applications/coreutils/lib/.deps/mkfifo.Po
M       tests/applications/coreutils/lib/.deps/mknod.Po
M       tests/applications/coreutils/lib/.deps/mkstemp-safer.Po
M       tests/applications/coreutils/lib/.deps/mkstemp.Po
M       tests/applications/coreutils/lib/.deps/mktime.Po
M       tests/applications/coreutils/lib/.deps/modechange.Po
M       tests/applications/coreutils/lib/.deps/mountlist.Po
M       tests/applications/coreutils/lib/.deps/mpsort.Po
M       tests/applications/coreutils/lib/.deps/nanosleep.Po
M       tests/applications/coreutils/lib/.deps/nl_langinfo.Po
M       tests/applications/coreutils/lib/.deps/nproc.Po
M       tests/applications/coreutils/lib/.deps/nstrftime.Po
M       tests/applications/coreutils/lib/.deps/obstack.Po
M       tests/applications/coreutils/lib/.deps/offtostr.Po
M       tests/applications/coreutils/lib/.deps/open-safer.Po
M       tests/applications/coreutils/lib/.deps/openat-die.Po
M       tests/applications/coreutils/lib/.deps/openat-proc.Po
M       tests/applications/coreutils/lib/.deps/openat-safer.Po
M       tests/applications/coreutils/lib/.deps/openat.Po
M       tests/applications/coreutils/lib/.deps/opendir-safer.Po
M       tests/applications/coreutils/lib/.deps/parse-datetime.Po
M       tests/applications/coreutils/lib/.deps/physmem.Po
M       tests/applications/coreutils/lib/.deps/pipe-safer.Po
M       tests/applications/coreutils/lib/.deps/pipe2.Po
M       tests/applications/coreutils/lib/.deps/posixtm.Po
M       tests/applications/coreutils/lib/.deps/posixver.Po
M       tests/applications/coreutils/lib/.deps/printf-args.Po
M       tests/applications/coreutils/lib/.deps/printf-frexp.Po
M       tests/applications/coreutils/lib/.deps/printf-parse.Po
M       tests/applications/coreutils/lib/.deps/progname.Po
M       tests/applications/coreutils/lib/.deps/propername.Po
M       tests/applications/coreutils/lib/.deps/putenv.Po
M       tests/applications/coreutils/lib/.deps/qcopy-acl.Po
M       tests/applications/coreutils/lib/.deps/qset-acl.Po
M       tests/applications/coreutils/lib/.deps/quotearg.Po
M       tests/applications/coreutils/lib/.deps/rand-isaac.Po
M       tests/applications/coreutils/lib/.deps/randint.Po
M       tests/applications/coreutils/lib/.deps/randperm.Po
M       tests/applications/coreutils/lib/.deps/randread.Po
M       tests/applications/coreutils/lib/.deps/read-file.Po
M       tests/applications/coreutils/lib/.deps/readlink.Po
M       tests/applications/coreutils/lib/.deps/readlinkat.Po
M       tests/applications/coreutils/lib/.deps/readtokens.Po
M       tests/applications/coreutils/lib/.deps/readtokens0.Po
M       tests/applications/coreutils/lib/.deps/readutmp.Po
M       tests/applications/coreutils/lib/.deps/realloc.Po
M       tests/applications/coreutils/lib/.deps/regex.Po
M       tests/applications/coreutils/lib/.deps/remove.Po
M       tests/applications/coreutils/lib/.deps/rename.Po
M       tests/applications/coreutils/lib/.deps/renameat.Po
M       tests/applications/coreutils/lib/.deps/renameatu.Po
M       tests/applications/coreutils/lib/.deps/rmdir.Po
M       tests/applications/coreutils/lib/.deps/root-dev-ino.Po
M       tests/applications/coreutils/lib/.deps/safe-read.Po
M       tests/applications/coreutils/lib/.deps/safe-write.Po
M       tests/applications/coreutils/lib/.deps/same.Po
M       tests/applications/coreutils/lib/.deps/save-cwd.Po
M       tests/applications/coreutils/lib/.deps/savedir.Po
M       tests/applications/coreutils/lib/.deps/savewd.Po
M       tests/applications/coreutils/lib/.deps/se-context.Po
M       tests/applications/coreutils/lib/.deps/se-selinux.Po
M       tests/applications/coreutils/lib/.deps/select.Po
M       tests/applications/coreutils/lib/.deps/selinux-at.Po
M       tests/applications/coreutils/lib/.deps/set-acl.Po
M       tests/applications/coreutils/lib/.deps/set-permissions.Po
M       tests/applications/coreutils/lib/.deps/setenv.Po
M       tests/applications/coreutils/lib/.deps/settime.Po
M       tests/applications/coreutils/lib/.deps/sha1.Po
M       tests/applications/coreutils/lib/.deps/sha256.Po
M       tests/applications/coreutils/lib/.deps/sha512.Po
M       tests/applications/coreutils/lib/.deps/sig-handler.Po
M       tests/applications/coreutils/lib/.deps/sig2str.Po
M       tests/applications/coreutils/lib/.deps/signbitd.Po
M       tests/applications/coreutils/lib/.deps/signbitf.Po
M       tests/applications/coreutils/lib/.deps/signbitl.Po
M       tests/applications/coreutils/lib/.deps/snprintf.Po
M       tests/applications/coreutils/lib/.deps/stat-time.Po
M       tests/applications/coreutils/lib/.deps/stat.Po
M       tests/applications/coreutils/lib/.deps/statat.Po
M       tests/applications/coreutils/lib/.deps/strerror-override.Po
M       tests/applications/coreutils/lib/.deps/strerror.Po
M       tests/applications/coreutils/lib/.deps/striconv.Po
M       tests/applications/coreutils/lib/.deps/strintcmp.Po
M       tests/applications/coreutils/lib/.deps/stripslash.Po
M       tests/applications/coreutils/lib/.deps/strnlen1.Po
M       tests/applications/coreutils/lib/.deps/strnumcmp.Po
M       tests/applications/coreutils/lib/.deps/strstr.Po
M       tests/applications/coreutils/lib/.deps/symlink.Po
M       tests/applications/coreutils/lib/.deps/symlinkat.Po
M       tests/applications/coreutils/lib/.deps/sys_socket.Po
M       tests/applications/coreutils/lib/.deps/tempname.Po
M       tests/applications/coreutils/lib/.deps/time_rz.Po
M       tests/applications/coreutils/lib/.deps/timegm.Po
M       tests/applications/coreutils/lib/.deps/timespec.Po
M       tests/applications/coreutils/lib/.deps/trim.Po
M       tests/applications/coreutils/lib/.deps/tzset.Po
M       tests/applications/coreutils/lib/.deps/u64.Po
M       tests/applications/coreutils/lib/.deps/uinttostr.Po
M       tests/applications/coreutils/lib/.deps/umaxtostr.Po
M       tests/applications/coreutils/lib/.deps/unicodeio.Po
M       tests/applications/coreutils/lib/.deps/unistd.Po
M       tests/applications/coreutils/lib/.deps/unlink.Po
M       tests/applications/coreutils/lib/.deps/unlinkat.Po
M       tests/applications/coreutils/lib/.deps/unsetenv.Po
M       tests/applications/coreutils/lib/.deps/userspec.Po
M       tests/applications/coreutils/lib/.deps/utimecmp.Po
M       tests/applications/coreutils/lib/.deps/utimens.Po
M       tests/applications/coreutils/lib/.deps/vasnprintf.Po
M       tests/applications/coreutils/lib/.deps/vasprintf.Po
M       tests/applications/coreutils/lib/.deps/verror.Po
M       tests/applications/coreutils/lib/.deps/version-etc-fsf.Po
M       tests/applications/coreutils/lib/.deps/version-etc.Po
M       tests/applications/coreutils/lib/.deps/vfprintf.Po
M       tests/applications/coreutils/lib/.deps/vprintf.Po
M       tests/applications/coreutils/lib/.deps/wcswidth.Po
M       tests/applications/coreutils/lib/.deps/wctype-h.Po
M       tests/applications/coreutils/lib/.deps/wcwidth.Po
M       tests/applications/coreutils/lib/.deps/write-any-file.Po
M       tests/applications/coreutils/lib/.deps/xalloc-die.Po
M       tests/applications/coreutils/lib/.deps/xasprintf.Po
M       tests/applications/coreutils/lib/.deps/xbinary-io.Po
M       tests/applications/coreutils/lib/.deps/xdectoimax.Po
M       tests/applications/coreutils/lib/.deps/xdectoumax.Po
M       tests/applications/coreutils/lib/.deps/xfts.Po
M       tests/applications/coreutils/lib/.deps/xgetcwd.Po
M       tests/applications/coreutils/lib/.deps/xgetgroups.Po
M       tests/applications/coreutils/lib/.deps/xgethostname.Po
M       tests/applications/coreutils/lib/.deps/xmalloc.Po
M       tests/applications/coreutils/lib/.deps/xmemcoll.Po
M       tests/applications/coreutils/lib/.deps/xnanosleep.Po
M       tests/applications/coreutils/lib/.deps/xprintf.Po
M       tests/applications/coreutils/lib/.deps/xreadlink.Po
M       tests/applications/coreutils/lib/.deps/xsize.Po
M       tests/applications/coreutils/lib/.deps/xstriconv.Po
M       tests/applications/coreutils/lib/.deps/xstrndup.Po
M       tests/applications/coreutils/lib/.deps/xstrtod.Po
M       tests/applications/coreutils/lib/.deps/xstrtoimax.Po
M       tests/applications/coreutils/lib/.deps/xstrtol-error.Po
M       tests/applications/coreutils/lib/.deps/xstrtol.Po
M       tests/applications/coreutils/lib/.deps/xstrtold.Po
M       tests/applications/coreutils/lib/.deps/xstrtoul.Po
M       tests/applications/coreutils/lib/.deps/xstrtoumax.Po
M       tests/applications/coreutils/lib/.deps/xvasprintf.Po
M       tests/applications/coreutils/lib/.deps/yesno.Po
M       tests/applications/coreutils/lib/config.h
M       tests/applications/coreutils/lib/configmake.h
M       tests/applications/coreutils/lib/glthread/.deps/lock.Po
M       tests/applications/coreutils/lib/glthread/.deps/threadlib.Po
M       tests/applications/coreutils/lib/glthread/.deps/tls.Po
M       tests/applications/coreutils/lib/signal.h
M       tests/applications/coreutils/lib/unistd.h
M       tests/applications/coreutils/lib/unistr/.deps/u8-mbtoucr.Po
M       tests/applications/coreutils/lib/unistr/.deps/u8-uctomb-aux.Po
M       tests/applications/coreutils/lib/unistr/.deps/u8-uctomb.Po
M       tests/applications/coreutils/lib/uniwidth/.deps/width.Po
M       tests/applications/coreutils/maint.mk
M       tests/applications/coreutils/po/.reference/bg.po
M       tests/applications/coreutils/po/.reference/bg.s1
M       tests/applications/coreutils/po/.reference/ca.po
M       tests/applications/coreutils/po/.reference/ca.s1
M       tests/applications/coreutils/po/.reference/cs.po
M       tests/applications/coreutils/po/.reference/cs.s1
M       tests/applications/coreutils/po/.reference/da.po
M       tests/applications/coreutils/po/.reference/da.s1
M       tests/applications/coreutils/po/.reference/de.po
M       tests/applications/coreutils/po/.reference/de.s1
M       tests/applications/coreutils/po/.reference/et.po
M       tests/applications/coreutils/po/.reference/et.s1
M       tests/applications/coreutils/po/.reference/fi.po
M       tests/applications/coreutils/po/.reference/fi.s1
M       tests/applications/coreutils/po/.reference/fr.po
M       tests/applications/coreutils/po/.reference/fr.s1
M       tests/applications/coreutils/po/.reference/hr.po
M       tests/applications/coreutils/po/.reference/hr.s1
M       tests/applications/coreutils/po/.reference/ja.po
M       tests/applications/coreutils/po/.reference/ja.s1
M       tests/applications/coreutils/po/.reference/ko.po
M       tests/applications/coreutils/po/.reference/ko.s1
M       tests/applications/coreutils/po/.reference/nb.po
M       tests/applications/coreutils/po/.reference/nb.s1
M       tests/applications/coreutils/po/.reference/nl.po
M       tests/applications/coreutils/po/.reference/nl.s1
M       tests/applications/coreutils/po/.reference/pl.po
M       tests/applications/coreutils/po/.reference/pl.s1
M       tests/applications/coreutils/po/.reference/pt.po
M       tests/applications/coreutils/po/.reference/pt.s1
M       tests/applications/coreutils/po/.reference/pt_BR.po
M       tests/applications/coreutils/po/.reference/pt_BR.s1
M       tests/applications/coreutils/po/.reference/ro.po
M       tests/applications/coreutils/po/.reference/ro.s1
M       tests/applications/coreutils/po/.reference/ru.po
M       tests/applications/coreutils/po/.reference/ru.s1
M       tests/applications/coreutils/po/.reference/sl.po
M       tests/applications/coreutils/po/.reference/sl.s1
M       tests/applications/coreutils/po/.reference/sr.po
M       tests/applications/coreutils/po/.reference/sr.s1
M       tests/applications/coreutils/po/.reference/sv.po
M       tests/applications/coreutils/po/.reference/sv.s1
M       tests/applications/coreutils/po/.reference/tr.po
M       tests/applications/coreutils/po/.reference/tr.s1
M       tests/applications/coreutils/po/.reference/uk.po
M       tests/applications/coreutils/po/.reference/uk.s1
M       tests/applications/coreutils/po/.reference/zh_CN.po
M       tests/applications/coreutils/po/.reference/zh_CN.s1
M       tests/applications/coreutils/po/.reference/zh_TW.po
M       tests/applications/coreutils/po/.reference/zh_TW.s1
M       tests/applications/coreutils/po/LINGUAS
M       tests/applications/coreutils/po/Makefile
M       tests/applications/coreutils/po/Makefile.in
M       tests/applications/coreutils/po/bg.po
M       tests/applications/coreutils/po/ca.po
M       tests/applications/coreutils/po/cs.po
M       tests/applications/coreutils/po/da.po
M       tests/applications/coreutils/po/de.po
M       tests/applications/coreutils/po/et.po
M       tests/applications/coreutils/po/fi.po
M       tests/applications/coreutils/po/fr.po
M       tests/applications/coreutils/po/hr.po
M       tests/applications/coreutils/po/ja.po
M       tests/applications/coreutils/po/ko.po
M       tests/applications/coreutils/po/nb.po
M       tests/applications/coreutils/po/nl.po
M       tests/applications/coreutils/po/pl.po
M       tests/applications/coreutils/po/pt.po
M       tests/applications/coreutils/po/pt_BR.po
M       tests/applications/coreutils/po/ro.po
M       tests/applications/coreutils/po/ru.po
M       tests/applications/coreutils/po/sl.po
M       tests/applications/coreutils/po/sr.po
M       tests/applications/coreutils/po/sv.po
M       tests/applications/coreutils/po/tr.po
M       tests/applications/coreutils/po/uk.po
M       tests/applications/coreutils/po/zh_CN.po
M       tests/applications/coreutils/po/zh_TW.po
M       tests/applications/coreutils/src/.deps/b2sum-md5sum.Po
M       tests/applications/coreutils/src/.deps/base32-base64.Po
M       tests/applications/coreutils/src/.deps/base64-base64.Po
M       tests/applications/coreutils/src/.deps/basename.Po
M       tests/applications/coreutils/src/.deps/cat.Po
M       tests/applications/coreutils/src/.deps/chcon.Po
M       tests/applications/coreutils/src/.deps/chgrp.Po
M       tests/applications/coreutils/src/.deps/chmod.Po
M       tests/applications/coreutils/src/.deps/chown-core.Po
M       tests/applications/coreutils/src/.deps/chown.Po
M       tests/applications/coreutils/src/.deps/chroot.Po
M       tests/applications/coreutils/src/.deps/cksum.Po
M       tests/applications/coreutils/src/.deps/comm.Po
M       tests/applications/coreutils/src/.deps/copy.Po
M       tests/applications/coreutils/src/.deps/cp-hash.Po
M       tests/applications/coreutils/src/.deps/cp.Po
M       tests/applications/coreutils/src/.deps/csplit.Po
M       tests/applications/coreutils/src/.deps/cut.Po
M       tests/applications/coreutils/src/.deps/date.Po
M       tests/applications/coreutils/src/.deps/dd.Po
M       tests/applications/coreutils/src/.deps/df.Po
M       tests/applications/coreutils/src/.deps/dircolors.Po
M       tests/applications/coreutils/src/.deps/dirname.Po
M       tests/applications/coreutils/src/.deps/du.Po
M       tests/applications/coreutils/src/.deps/echo.Po
M       tests/applications/coreutils/src/.deps/env.Po
M       tests/applications/coreutils/src/.deps/expand-common.Po
M       tests/applications/coreutils/src/.deps/expand.Po
M       tests/applications/coreutils/src/.deps/expr.Po
M       tests/applications/coreutils/src/.deps/extent-scan.Po
M       tests/applications/coreutils/src/.deps/factor.Po
M       tests/applications/coreutils/src/.deps/false.Po
M       tests/applications/coreutils/src/.deps/find-mount-point.Po
M       tests/applications/coreutils/src/.deps/fmt.Po
M       tests/applications/coreutils/src/.deps/fold.Po
M       tests/applications/coreutils/src/.deps/force-link.Po
M       tests/applications/coreutils/src/.deps/getlimits.Po
M       tests/applications/coreutils/src/.deps/ginstall-copy.Po
M       tests/applications/coreutils/src/.deps/ginstall-cp-hash.Po
M       tests/applications/coreutils/src/.deps/ginstall-extent-scan.Po
M       tests/applications/coreutils/src/.deps/ginstall-force-link.Po
M       tests/applications/coreutils/src/.deps/ginstall-install.Po
M       tests/applications/coreutils/src/.deps/ginstall-prog-fprintf.Po
M       tests/applications/coreutils/src/.deps/ginstall-selinux.Po
M       tests/applications/coreutils/src/.deps/group-list.Po
M       tests/applications/coreutils/src/.deps/groups.Po
M       tests/applications/coreutils/src/.deps/head.Po
M       tests/applications/coreutils/src/.deps/hostid.Po
M       tests/applications/coreutils/src/.deps/id.Po
M       tests/applications/coreutils/src/.deps/join.Po
M       tests/applications/coreutils/src/.deps/kill.Po
M       tests/applications/coreutils/src/.deps/lbracket.Po
M       tests/applications/coreutils/src/.deps/libstdbuf_so-libstdbuf.Po
M       tests/applications/coreutils/src/.deps/link.Po
M       tests/applications/coreutils/src/.deps/ln.Po
M       tests/applications/coreutils/src/.deps/logname.Po
M       tests/applications/coreutils/src/.deps/ls.Po
M       tests/applications/coreutils/src/.deps/make-prime-list.Po
M       tests/applications/coreutils/src/.deps/md5sum-md5sum.Po
M       tests/applications/coreutils/src/.deps/mkdir.Po
M       tests/applications/coreutils/src/.deps/mkfifo.Po
M       tests/applications/coreutils/src/.deps/mknod.Po
M       tests/applications/coreutils/src/.deps/mktemp.Po
M       tests/applications/coreutils/src/.deps/mv.Po
M       tests/applications/coreutils/src/.deps/nice.Po
M       tests/applications/coreutils/src/.deps/nl.Po
M       tests/applications/coreutils/src/.deps/nohup.Po
M       tests/applications/coreutils/src/.deps/nproc.Po
M       tests/applications/coreutils/src/.deps/numfmt.Po
M       tests/applications/coreutils/src/.deps/od.Po
M       tests/applications/coreutils/src/.deps/operand2sig.Po
M       tests/applications/coreutils/src/.deps/paste.Po
M       tests/applications/coreutils/src/.deps/pathchk.Po
M       tests/applications/coreutils/src/.deps/pinky.Po
M       tests/applications/coreutils/src/.deps/pr.Po
M       tests/applications/coreutils/src/.deps/printenv.Po
M       tests/applications/coreutils/src/.deps/printf.Po
M       tests/applications/coreutils/src/.deps/prog-fprintf.Po
M       tests/applications/coreutils/src/.deps/ptx.Po
M       tests/applications/coreutils/src/.deps/pwd.Po
M       tests/applications/coreutils/src/.deps/readlink.Po
M       tests/applications/coreutils/src/.deps/realpath.Po
M       tests/applications/coreutils/src/.deps/relpath.Po
M       tests/applications/coreutils/src/.deps/remove.Po
M       tests/applications/coreutils/src/.deps/rm.Po
M       tests/applications/coreutils/src/.deps/rmdir.Po
M       tests/applications/coreutils/src/.deps/runcon.Po
M       tests/applications/coreutils/src/.deps/selinux.Po
M       tests/applications/coreutils/src/.deps/seq.Po
M       tests/applications/coreutils/src/.deps/set-fields.Po
M       tests/applications/coreutils/src/.deps/sha1sum-md5sum.Po
M       tests/applications/coreutils/src/.deps/sha224sum-md5sum.Po
M       tests/applications/coreutils/src/.deps/sha256sum-md5sum.Po
M       tests/applications/coreutils/src/.deps/sha384sum-md5sum.Po
M       tests/applications/coreutils/src/.deps/sha512sum-md5sum.Po
M       tests/applications/coreutils/src/.deps/shred.Po
M       tests/applications/coreutils/src/.deps/shuf.Po
M       tests/applications/coreutils/src/.deps/sleep.Po
M       tests/applications/coreutils/src/.deps/sort.Po
M       tests/applications/coreutils/src/.deps/split.Po
M       tests/applications/coreutils/src/.deps/stat.Po
M       tests/applications/coreutils/src/.deps/stdbuf.Po
M       tests/applications/coreutils/src/.deps/stty.Po
M       tests/applications/coreutils/src/.deps/sum.Po
M       tests/applications/coreutils/src/.deps/sync.Po
M       tests/applications/coreutils/src/.deps/tac.Po
M       tests/applications/coreutils/src/.deps/tail.Po
M       tests/applications/coreutils/src/.deps/tee.Po
M       tests/applications/coreutils/src/.deps/test.Po
M       tests/applications/coreutils/src/.deps/timeout.Po
M       tests/applications/coreutils/src/.deps/touch.Po
M       tests/applications/coreutils/src/.deps/tr.Po
M       tests/applications/coreutils/src/.deps/true.Po
M       tests/applications/coreutils/src/.deps/truncate.Po
M       tests/applications/coreutils/src/.deps/tsort.Po
M       tests/applications/coreutils/src/.deps/tty.Po
M       tests/applications/coreutils/src/.deps/uname.Po
M       tests/applications/coreutils/src/.deps/unexpand.Po
M       tests/applications/coreutils/src/.deps/uniq.Po
M       tests/applications/coreutils/src/.deps/unlink.Po
M       tests/applications/coreutils/src/.deps/uptime.Po
M       tests/applications/coreutils/src/.deps/users.Po
M       tests/applications/coreutils/src/.deps/wc.Po
M       tests/applications/coreutils/src/.deps/who.Po
M       tests/applications/coreutils/src/.deps/whoami.Po
M       tests/applications/coreutils/src/.deps/yes.Po
M       tests/applications/coreutils/src/make-prime-list
M       tests/applications/coreutils/src/version.c
M       tests/applications/gcc-4.4.3/gcc/config/i386/linux-unwind.h
Branch 'lamp-all-4' set up to track remote branch 'lamp-all-4' from 'origin'.

Setting up postgres

checking build system type... x86_64-pc-linux-gnu
checking host system type... x86_64-pc-linux-gnu
checking which template to use... linux
checking whether NLS is wanted... no
checking for default port number... 5432
checking for block size... 8kB
checking for segment size... 1GB
checking for WAL block size... 8kB
checking whether the C compiler works... yes
checking for C compiler default output file name... a.out
checking for suffix of executables... 
checking whether we are cross compiling... no
checking for suffix of object files... o
checking whether we are using the GNU C compiler... yes
checking whether gcc-7 accepts -g... yes
checking for gcc-7 option to accept ISO C89... none needed
checking for gcc-7 option to accept ISO C99... none needed
checking for g++... g++
checking whether we are using the GNU C++ compiler... yes
checking whether g++ accepts -g... yes
checking for gawk... gawk
checking whether gcc-7 supports -Wdeclaration-after-statement, for CFLAGS... yes
checking whether gcc-7 supports -Werror=vla, for CFLAGS... yes
checking whether gcc-7 supports -Wendif-labels, for CFLAGS... yes
checking whether g++ supports -Wendif-labels, for CXXFLAGS... yes
checking whether gcc-7 supports -Wmissing-format-attribute, for CFLAGS... yes
checking whether g++ supports -Wmissing-format-attribute, for CXXFLAGS... yes
checking whether gcc-7 supports -Wimplicit-fallthrough=3, for CFLAGS... yes
checking whether g++ supports -Wimplicit-fallthrough=3, for CXXFLAGS... yes
checking whether gcc-7 supports -Wformat-security, for CFLAGS... yes
checking whether g++ supports -Wformat-security, for CXXFLAGS... yes
checking whether gcc-7 supports -fno-strict-aliasing, for CFLAGS... yes
checking whether g++ supports -fno-strict-aliasing, for CXXFLAGS... yes
checking whether gcc-7 supports -fwrapv, for CFLAGS... yes
checking whether g++ supports -fwrapv, for CXXFLAGS... yes
checking whether gcc-7 supports -fexcess-precision=standard, for CFLAGS... yes
checking whether g++ supports -fexcess-precision=standard, for CXXFLAGS... no
checking whether gcc-7 supports -funroll-loops, for CFLAGS_VECTOR... yes
checking whether gcc-7 supports -ftree-vectorize, for CFLAGS_VECTOR... yes
checking whether gcc-7 supports -Wunused-command-line-argument, for NOT_THE_CFLAGS... no
checking whether gcc-7 supports -Wformat-truncation, for NOT_THE_CFLAGS... yes
checking whether gcc-7 supports -Wstringop-truncation, for NOT_THE_CFLAGS... no
checking whether the C compiler still works... yes
checking how to run the C preprocessor... gcc-7 -E
checking for pkg-config... no
checking allow thread-safe client libraries... yes
checking whether to build with ICU support... no
checking whether to build with Tcl... no
checking whether to build Perl modules... no
checking whether to build Python modules... no
checking whether to build with GSSAPI support... no
checking whether to build with PAM support... no
checking whether to build with BSD Authentication support... no
checking whether to build with LDAP support... no
checking whether to build with Bonjour support... no
checking whether to build with OpenSSL support... no
checking whether to build with SELinux support... no
checking whether to build with systemd support... no
checking whether to build with XML support... no
checking for ld used by GCC... /usr/bin/ld
checking if the linker (/usr/bin/ld) is GNU ld... yes
checking for ranlib... ranlib
checking for strip... strip
checking whether it is possible to strip libraries... yes
checking for ar... ar
checking for a BSD-compatible install... /usr/bin/install -c
checking for tar... /usr/bin/tar
checking whether ln -s works... yes
checking for a thread-safe mkdir -p... /usr/bin/mkdir -p
checking for bison... /usr/bin/bison
configure: using bison (GNU Bison) 3.5.1
checking for flex... no
configure: WARNING:
*** Without Flex you will not be able to build PostgreSQL from Git nor
*** change any of the scanner definition files.  You can obtain Flex from
*** a GNU mirror site.  (If you are using the official distribution of
*** PostgreSQL then you do not need to worry about this because the Flex
*** output is pre-generated.)
checking for perl... /usr/bin/perl
configure: using perl 5.30.0
checking for a sed that does not truncate output... /usr/bin/sed
checking for grep that handles long lines and -e... /usr/bin/grep
checking for egrep... /usr/bin/grep -E
checking for ANSI C header files... yes
checking for sys/types.h... yes
checking for sys/stat.h... yes
checking for stdlib.h... yes
checking for string.h... yes
checking for memory.h... yes
checking for strings.h... yes
checking for inttypes.h... yes
checking for stdint.h... yes
checking for unistd.h... yes
checking whether gcc-7 is Clang... no
checking whether pthreads work with -pthread... yes
checking for joinable pthread attribute... PTHREAD_CREATE_JOINABLE
checking whether more special flags are required for pthreads... no
checking for PTHREAD_PRIO_INHERIT... yes
checking pthread.h usability... yes
checking pthread.h presence... yes
checking for pthread.h... yes
checking for strerror_r... yes
checking for getpwuid_r... yes
checking for gethostbyname_r... yes
checking whether strerror_r returns int... no
checking for main in -lm... yes
checking for library containing setproctitle... no
checking for library containing dlopen... -ldl
checking for library containing socket... none required
checking for library containing shl_load... no
checking for library containing getopt_long... none required
checking for library containing shm_open... -lrt
checking for library containing shm_unlink... none required
checking for library containing clock_gettime... none required
checking for library containing fdatasync... none required
checking for library containing sched_yield... none required
checking for library containing gethostbyname_r... none required
checking for library containing shmget... none required
checking for library containing backtrace_symbols... none required
checking for library containing readline... no
configure: error: readline library not found
If you have readline already installed, see config.log for details on the
failure.  It is possible the compiler isn't looking in the proper directory.
Use --without-readline to disable readline support.
You need to run the 'configure' program first. See the file
'INSTALL' for installation instructions.
make: *** [all] Error 1
You need to run the 'configure' program first. See the file
'INSTALL' for installation instructions.
make: *** [install] Error 1
mkdir: cannot create directory '/usr/local/pgsql/data/': No such file or directory
chown: cannot access '/usr/local/pgsql/data': No such file or directory
./pg_setup.sh: line 12: /usr/local/pgsql/bin/initdb: No such file or directory

Postgres setup complete


Setting up NGINX

checking for OS
 + Linux 5.10.0-29-amd64 x86_64
checking for C compiler ... found
 + using GNU C compiler
 + gcc version: 7.5.0 (Ubuntu 7.5.0-6ubuntu2) 
checking for gcc -pipe switch ... found
checking for -Wl,-E switch ... found
checking for gcc builtin atomic operations ... found
checking for C99 variadic macros ... found
checking for gcc variadic macros ... found
checking for gcc builtin 64 bit byteswap ... found
checking for unistd.h ... found
checking for inttypes.h ... found
checking for limits.h ... found
checking for sys/filio.h ... not found
checking for sys/param.h ... found
checking for sys/mount.h ... found
checking for sys/statvfs.h ... found
checking for crypt.h ... found
checking for Linux specific features
checking for epoll ... found
checking for EPOLLRDHUP ... found
checking for EPOLLEXCLUSIVE ... found
checking for O_PATH ... found
checking for sendfile() ... found
checking for sendfile64() ... found
checking for sys/prctl.h ... found
checking for prctl(PR_SET_DUMPABLE) ... found
checking for prctl(PR_SET_KEEPCAPS) ... found
checking for capabilities ... found
checking for crypt_r() ... found
checking for sys/vfs.h ... found
checking for nobody group ... not found
checking for nogroup group ... found
checking for poll() ... found
checking for /dev/poll ... not found
checking for kqueue ... not found
checking for crypt() ... not found
checking for crypt() in libcrypt ... found
checking for F_READAHEAD ... not found
checking for posix_fadvise() ... found
checking for O_DIRECT ... found
checking for F_NOCACHE ... not found
checking for directio() ... not found
checking for statfs() ... found
checking for statvfs() ... found
checking for dlopen() ... not found
checking for dlopen() in libdl ... found
checking for sched_yield() ... found
checking for sched_setaffinity() ... found
checking for SO_SETFIB ... not found
checking for SO_REUSEPORT ... found
checking for SO_ACCEPTFILTER ... not found
checking for SO_BINDANY ... not found
checking for IP_TRANSPARENT ... found
checking for IP_BINDANY ... not found
checking for IP_BIND_ADDRESS_NO_PORT ... found
checking for IP_RECVDSTADDR ... not found
checking for IP_SENDSRCADDR ... not found
checking for IP_PKTINFO ... found
checking for IPV6_RECVPKTINFO ... found
checking for TCP_DEFER_ACCEPT ... found
checking for TCP_KEEPIDLE ... found
checking for TCP_FASTOPEN ... found
checking for TCP_INFO ... found
checking for accept4() ... found
checking for eventfd() ... found
checking for int size ... 4 bytes
checking for long size ... 4 bytes
checking for long long size ... 4 bytes
checking for void * size ... 4 bytes
checking for uint32_t ... found
checking for uint64_t ... found
checking for sig_atomic_t ... found
checking for sig_atomic_t size ... 4 bytes
checking for socklen_t ... found
checking for in_addr_t ... found
checking for in_port_t ... found
checking for rlim_t ... found
checking for uintptr_t ... uintptr_t found
checking for system byte ordering ... little endian
checking for size_t size ... 4 bytes
checking for off_t size ... 4 bytes
checking for time_t size ... 4 bytes
checking for AF_INET6 ... found
checking for setproctitle() ... not found
checking for pread() ... found
checking for pwrite() ... found
checking for pwritev() ... found
checking for sys_nerr ... found
checking for localtime_r() ... found
checking for clock_gettime(CLOCK_MONOTONIC) ... found
checking for posix_memalign() ... found
checking for memalign() ... found
checking for mmap(MAP_ANON|MAP_SHARED) ... found
checking for mmap("/dev/zero", MAP_SHARED) ... found
checking for System V shared memory ... found
checking for POSIX semaphores ... not found
checking for POSIX semaphores in libpthread ... found
checking for struct msghdr.msg_control ... found
checking for ioctl(FIONBIO) ... found
checking for struct tm.tm_gmtoff ... found
checking for struct dirent.d_namlen ... not found
checking for struct dirent.d_type ... found
checking for sysconf(_SC_NPROCESSORS_ONLN) ... found
checking for sysconf(_SC_LEVEL1_DCACHE_LINESIZE) ... found
checking for openat(), fstatat() ... found
checking for getaddrinfo() ... found
checking for PCRE library ... not found
checking for PCRE library in /usr/local/ ... not found
checking for PCRE library in /usr/include/pcre/ ... not found
checking for PCRE library in /usr/pkg/ ... not found
checking for PCRE library in /opt/local/ ... not found

./auto/configure: error: the HTTP rewrite module requires the PCRE library.
You can either disable the module by using --without-http_rewrite_module
option, or install the PCRE library into the system, or build the PCRE library
statically from the source with nginx by using --with-pcre=<path> option.

make: *** No rule to make target `build', needed by `default'.  Stop.
make: *** No rule to make target `install'.  Stop.
cp: cannot create regular file '/usr/local/nginx/conf/nginx.conf': No such file or directory
cp: cannot create regular file '/usr/local/nginx/conf/nginx_static.conf': No such file or directory
touch: cannot touch '/usr/local/nginx/logs/access.log': No such file or directory
touch: cannot touch '/usr/local/nginx/logs/error.log': No such file or directory

NGINX setup complete


Starting LAMP

./run_lamp_native.sh: line 3: /usr/local/pgsql/bin/postgres: No such file or directory
postgres ready
Traceback (most recent call last):
  File "flask_app/init_table.py", line 1, in <module>
    import psycopg2
ImportError: No module named psycopg2
table ready
sudo: /usr/local/nginx/sbin/nginx: command not found
nginx ready
Traceback (most recent call last):
  File "gunicornexec.py", line 3, in <module>
    from gunicorn.app.wsgiapp import run
ImportError: No module named gunicorn.app.wsgiapp
system ready
postgres ready
table ready
nginx ready
system ready